<!DOCTYPE html PUBLIC "-//W3C//DTD XHTML 1.1//EN" "http://www.w3.org/TR/xhtml11/DTD/xhtml11.dtd">
<html xmlns="http://www.w3.org/1999/xhtml">
<head>
<meta http-equiv="content-type" content="text/html; charset=UTF-8"/>
<title>TestNG Report</title>
<style type="text/css">table {margin-bottom:10px;border-collapse:collapse;empty-cells:show}th,td {border:1px solid #009;padding:.25em .5em}th {vertical-align:bottom}td {vertical-align:top}table a {font-weight:bold}.stripe td {background-color: #E6EBF9}.num {text-align:right}.passedodd td {background-color: #3F3}.passedeven td {background-color: #0A0}.skippedodd td {background-color: #DDD}.skippedeven td {background-color: #CCC}.failedodd td,.attn {background-color: #F33}.failedeven td,.stripe .attn {background-color: #D00}.stacktrace {white-space:pre;font-family:monospace}.totop {font-size:85%;text-align:center;border-bottom:2px solid #000}.invisible {display:none}</style>
</head>
<body>
<table>
<tr><th>Test</th><th># Passed</th><th># Skipped</th><th># Retried</th><th># Failed</th><th>Time (ms)</th><th>Included Groups</th><th>Excluded Groups</th></tr>
<tr><th colspan="7">Royal Alliances Test Automation Test Suite</th></tr>
<tr><td><a href="#t0">Royal Alliances Test Cases</a></td><td class="num">31</td><td class="num">0</td><td class="num">0</td><td class="num attn">4</td><td class="num">901,224</td><td></td><td></td></tr>
</table>
<table id='summary'><thead><tr><th>Class</th><th>Method</th><th>Start</th><th>Time (ms)</th></tr></thead><tbody><tr><th colspan="4">Royal Alliances Test Automation Test Suite</th></tr></tbody><tbody id="t0"><tr><th colspan="4">Royal Alliances Test Cases &#8212; failed</th></tr><tr class="failedeven"><td rowspan="4">com.ra.qa.testcases.RA229ShipmentRequestPageTest</td><td><a href="#m0">close558579Test</a></td><td rowspan="1">1569613115749</td><td rowspan="1">20035</td></tr><tr class="failedeven"><td><a href="#m1">finalizeButton558579Test</a></td><td rowspan="1">1569613072401</td><td rowspan="1">20076</td></tr><tr class="failedeven"><td><a href="#m2">verifyFinalizationCompleted558579Test</a></td><td rowspan="1">1569613135785</td><td rowspan="1">20041</td></tr><tr class="failedeven"><td><a href="#m3">viewReport558579Test</a></td><td rowspan="1">1569613092482</td><td rowspan="1">20092</td></tr><tr><th colspan="4">Royal Alliances Test Cases &#8212; passed</th></tr><tr class="passedeven"><td rowspan="10">com.ra.qa.testcases.RA229HomePageTest</td><td><a href="#m4">clickOnUploadBtnTest</a></td><td rowspan="1">1569612307103</td><td rowspan="1">2346</td></tr><tr class="passedeven"><td><a href="#m5">confirmTest</a></td><td rowspan="1">1569612538939</td><td rowspan="1">4232</td></tr><tr class="passedeven"><td><a href="#m6">getPageTitleTest</a></td><td rowspan="1">1569612307087</td><td rowspan="1">14</td></tr><tr class="passedeven"><td><a href="#m7">scheduleMailTest</a></td><td rowspan="1">1569612533673</td><td rowspan="1">5264</td></tr><tr class="passedeven"><td><a href="#m8">selectPCnLTRTest</a></td><td rowspan="1">1569612527793</td><td rowspan="1">5878</td></tr><tr class="passedeven"><td><a href="#m9">setup</a></td><td rowspan="1">1569612283900</td><td rowspan="1">23184</td></tr><tr class="passedeven"><td><a href="#m10">submitScheduleTest</a></td><td rowspan="1">1569612543172</td><td rowspan="1">123174</td></tr><tr class="passedeven"><td><a href="#m11">tearDown</a></td><td rowspan="1">1569612666347</td><td rowspan="1">788</td></tr><tr class="passedeven"><td><a href="#m12">uploadDoneTest</a></td><td rowspan="1">1569612324572</td><td rowspan="1">203218</td></tr><tr class="passedeven"><td><a href="#m13">uploadFileTest</a></td><td rowspan="1">1569612309451</td><td rowspan="1">15119</td></tr><tr class="passedodd"><td rowspan="5">com.ra.qa.testcases.RA229LoginPageTest</td><td><a href="#m14">loginTest</a></td><td rowspan="1">1569612268586</td><td rowspan="1">11185</td></tr><tr class="passedodd"><td><a href="#m15">navigateToMailQueueTest</a></td><td rowspan="1">1569612279772</td><td rowspan="1">3452</td></tr><tr class="passedodd"><td><a href="#m16">setup</a></td><td rowspan="1">1569612255799</td><td rowspan="1">12753</td></tr><tr class="passedodd"><td><a href="#m17">tearDown</a></td><td rowspan="1">1569612283226</td><td rowspan="1">672</td></tr><tr class="passedodd"><td><a href="#m18">validateLoginPageTitleTest</a></td><td rowspan="1">1569612268558</td><td rowspan="1">27</td></tr><tr class="passedeven"><td rowspan="5">com.ra.qa.testcases.RA229SchedulePageTest</td><td><a href="#m19">getPageTitleTest</a></td><td rowspan="1">1569612694100</td><td rowspan="1">14</td></tr><tr class="passedeven"><td><a href="#m20">navigateToScheduledTabTest</a></td><td rowspan="1">1569612694116</td><td rowspan="1">3232</td></tr><tr class="passedeven"><td><a href="#m21">setup</a></td><td rowspan="1">1569612667136</td><td rowspan="1">26963</td></tr><tr class="passedeven"><td><a href="#m22">tearDown</a></td><td rowspan="1">1569612697431</td><td rowspan="1">915</td></tr><tr class="passedeven"><td><a href="#m23">verifyFilePresentPCnLTRFileScheduledTest</a></td><td rowspan="1">1569612697349</td><td rowspan="1">81</td></tr><tr class="passedodd"><td rowspan="11">com.ra.qa.testcases.RA229ShipmentRequestPageTest</td><td><a href="#m24">acceptMkt558579Test</a></td><td rowspan="1">1569612728721</td><td rowspan="1">2100</td></tr><tr class="passedodd"><td><a href="#m25">clickBrowse558579Test</a></td><td rowspan="1">1569612764116</td><td rowspan="1">1060</td></tr><tr class="passedodd"><td><a href="#m26">clickOnInfoRAMailAccepted558579</a></td><td rowspan="1">1569612757771</td><td rowspan="1">4250</td></tr><tr class="passedodd"><td><a href="#m27">finalizeSubmission558579Test</a></td><td rowspan="1">1569613112577</td><td rowspan="1">3171</td></tr><tr class="passedodd"><td><a href="#m28">process558579Test</a></td><td rowspan="1">1569612872330</td><td rowspan="1">200070</td></tr><tr class="passedodd"><td><a href="#m29">sendJobReference558579Test</a></td><td rowspan="1">1569612730822</td><td rowspan="1">2097</td></tr><tr class="passedodd"><td><a href="#m30">setup</a></td><td rowspan="1">1569612698347</td><td rowspan="1">30373</td></tr><tr class="passedodd"><td><a href="#m31">submit558579Test</a></td><td rowspan="1">1569612732920</td><td rowspan="1">24850</td></tr><tr class="passedodd"><td><a href="#m32">submitFinal558579Test</a></td><td rowspan="1">1569612762022</td><td rowspan="1">2093</td></tr><tr class="passedodd"><td><a href="#m33">tearDown</a></td><td rowspan="1">1569613155829</td><td rowspan="1">1132</td></tr><tr class="passedodd"><td><a href="#m34">upload558579Test</a></td><td rowspan="1">1569612765177</td><td rowspan="1">107153</td></tr></tbody>
</table>
<h2>Royal Alliances Test Cases</h2><h3 id="m0">com.ra.qa.testcases.RA229ShipmentRequestPageTest#close558579Test</h3><table class="result"><tr><th>Exception</th></tr><tr><td><div class="stacktrace">org.openqa.selenium.ElementNotInteractableException: element not interactable
  (Session info: chrome=77.0.3865.90)
Build info: version: &apos;3.141.59&apos;, revision: &apos;e82be7d358&apos;, time: &apos;2018-11-14T08:17:03&apos;
System info: host: &apos;DESKTOP-7QD4G53&apos;, ip: &apos;172.16.60.40&apos;, os.name: &apos;Windows 10&apos;, os.arch: &apos;amd64&apos;, os.version: &apos;10.0&apos;, java.version: &apos;1.8.0_221&apos;
Driver info: org.openqa.selenium.chrome.ChromeDriver
Capabilities {acceptInsecureCerts: false, browserName: chrome, browserVersion: 77.0.3865.90, chrome: {chromedriverVersion: 76.0.3809.68 (420c9498db8ce..., userDataDir: C:\Users\Sujan\AppData\Loca...}, goog:chromeOptions: {debuggerAddress: localhost:57643}, javascriptEnabled: true, networkConnectionEnabled: false, pageLoadStrategy: normal, platform: XP, platformName: XP, proxy: Proxy(), setWindowRect: true, strictFileInteractability: false, timeouts: {implicit: 0, pageLoad: 300000, script: 30000}, unhandledPromptBehavior: dismiss and notify}
Session ID: 88948dd13fc3192921439e5462b9d0f3
	at org.openqa.selenium.remote.http.W3CHttpResponseCodec.createException(W3CHttpResponseCodec.java:187)
	at org.openqa.selenium.remote.http.W3CHttpResponseCodec.decode(W3CHttpResponseCodec.java:122)
	at org.openqa.selenium.remote.http.W3CHttpResponseCodec.decode(W3CHttpResponseCodec.java:49)
	at org.openqa.selenium.remote.HttpCommandExecutor.execute(HttpCommandExecutor.java:158)
	at org.openqa.selenium.remote.service.DriverCommandExecutor.execute(DriverCommandExecutor.java:83)
	at org.openqa.selenium.remote.RemoteWebDriver.execute(RemoteWebDriver.java:552)
	at org.openqa.selenium.remote.RemoteWebElement.execute(RemoteWebElement.java:285)
	at org.openqa.selenium.remote.RemoteWebElement.click(RemoteWebElement.java:84)
	at org.openqa.selenium.support.events.EventFiringWebDriver$EventFiringWebElement.lambda$new$0(EventFiringWebDriver.java:404)
	at com.sun.proxy.$Proxy10.click(Unknown Source)
	at org.openqa.selenium.support.events.EventFiringWebDriver$EventFiringWebElement.click(EventFiringWebDriver.java:417)
	at org.openqa.selenium.support.pagefactory.internal.LocatingElementHandler.invoke(LocatingElementHandler.java:51)
	at com.sun.proxy.$Proxy9.click(Unknown Source)
	at com.ra.qa.pages.ShipmentRequestPage.close558579(ShipmentRequestPage.java:155)
	at com.ra.qa.testcases.RA229ShipmentRequestPageTest.close558579Test(RA229ShipmentRequestPageTest.java:126)
	at java.util.ArrayList.forEach(Unknown Source)
... Removed 37 stack frames</div></td></tr></table><p class="totop"><a href="#summary">back to summary</a></p>
<h3 id="m1">com.ra.qa.testcases.RA229ShipmentRequestPageTest#finalizeButton558579Test</h3><table class="result"><tr><th>Exception</th></tr><tr><td><div class="stacktrace">org.openqa.selenium.NoSuchElementException: no such element: Unable to locate element: {&quot;method&quot;:&quot;xpath&quot;,&quot;selector&quot;:&quot;//button[@id=&apos;finalizeSubmissionBtn&apos;]&quot;}
  (Session info: chrome=77.0.3865.90)
For documentation on this error, please visit: https://www.seleniumhq.org/exceptions/no_such_element.html
Build info: version: &apos;3.141.59&apos;, revision: &apos;e82be7d358&apos;, time: &apos;2018-11-14T08:17:03&apos;
System info: host: &apos;DESKTOP-7QD4G53&apos;, ip: &apos;172.16.60.40&apos;, os.name: &apos;Windows 10&apos;, os.arch: &apos;amd64&apos;, os.version: &apos;10.0&apos;, java.version: &apos;1.8.0_221&apos;
Driver info: org.openqa.selenium.chrome.ChromeDriver
Capabilities {acceptInsecureCerts: false, browserName: chrome, browserVersion: 77.0.3865.90, chrome: {chromedriverVersion: 76.0.3809.68 (420c9498db8ce..., userDataDir: C:\Users\Sujan\AppData\Loca...}, goog:chromeOptions: {debuggerAddress: localhost:57643}, javascriptEnabled: true, networkConnectionEnabled: false, pageLoadStrategy: normal, platform: XP, platformName: XP, proxy: Proxy(), setWindowRect: true, strictFileInteractability: false, timeouts: {implicit: 0, pageLoad: 300000, script: 30000}, unhandledPromptBehavior: dismiss and notify}
Session ID: 88948dd13fc3192921439e5462b9d0f3
*** Element info: {Using=xpath, value=//button[@id=&apos;finalizeSubmissionBtn&apos;]}
	at org.openqa.selenium.remote.http.W3CHttpResponseCodec.createException(W3CHttpResponseCodec.java:187)
	at org.openqa.selenium.remote.http.W3CHttpResponseCodec.decode(W3CHttpResponseCodec.java:122)
	at org.openqa.selenium.remote.http.W3CHttpResponseCodec.decode(W3CHttpResponseCodec.java:49)
	at org.openqa.selenium.remote.HttpCommandExecutor.execute(HttpCommandExecutor.java:158)
	at org.openqa.selenium.remote.service.DriverCommandExecutor.execute(DriverCommandExecutor.java:83)
	at org.openqa.selenium.remote.RemoteWebDriver.execute(RemoteWebDriver.java:552)
	at org.openqa.selenium.remote.RemoteWebDriver.findElement(RemoteWebDriver.java:323)
	at org.openqa.selenium.remote.RemoteWebDriver.findElementByXPath(RemoteWebDriver.java:428)
	at org.openqa.selenium.By$ByXPath.findElement(By.java:353)
	at org.openqa.selenium.remote.RemoteWebDriver.findElement(RemoteWebDriver.java:315)
	at org.openqa.selenium.support.events.EventFiringWebDriver.lambda$new$1(EventFiringWebDriver.java:105)
	at com.sun.proxy.$Proxy5.findElement(Unknown Source)
	at org.openqa.selenium.support.events.EventFiringWebDriver.findElement(EventFiringWebDriver.java:194)
	at org.openqa.selenium.support.pagefactory.DefaultElementLocator.findElement(DefaultElementLocator.java:69)
	at org.openqa.selenium.support.pagefactory.internal.LocatingElementHandler.invoke(LocatingElementHandler.java:38)
	at com.sun.proxy.$Proxy9.click(Unknown Source)
	at com.ra.qa.pages.ShipmentRequestPage.finalizeButton558579(ShipmentRequestPage.java:136)
	at com.ra.qa.testcases.RA229ShipmentRequestPageTest.finalizeButton558579Test(RA229ShipmentRequestPageTest.java:105)
	at java.util.ArrayList.forEach(Unknown Source)
... Removed 34 stack frames</div></td></tr></table><p class="totop"><a href="#summary">back to summary</a></p>
<h3 id="m2">com.ra.qa.testcases.RA229ShipmentRequestPageTest#verifyFinalizationCompleted558579Test</h3><table class="result"><tr><th>Exception</th></tr><tr><td><div class="stacktrace">org.openqa.selenium.NoSuchElementException: no such element: Unable to locate element: {&quot;method&quot;:&quot;xpath&quot;,&quot;selector&quot;:&quot;//h5[contains(text(),&apos;Finalization completed&apos;)]&quot;}
  (Session info: chrome=77.0.3865.90)
For documentation on this error, please visit: https://www.seleniumhq.org/exceptions/no_such_element.html
Build info: version: &apos;3.141.59&apos;, revision: &apos;e82be7d358&apos;, time: &apos;2018-11-14T08:17:03&apos;
System info: host: &apos;DESKTOP-7QD4G53&apos;, ip: &apos;172.16.60.40&apos;, os.name: &apos;Windows 10&apos;, os.arch: &apos;amd64&apos;, os.version: &apos;10.0&apos;, java.version: &apos;1.8.0_221&apos;
Driver info: org.openqa.selenium.chrome.ChromeDriver
Capabilities {acceptInsecureCerts: false, browserName: chrome, browserVersion: 77.0.3865.90, chrome: {chromedriverVersion: 76.0.3809.68 (420c9498db8ce..., userDataDir: C:\Users\Sujan\AppData\Loca...}, goog:chromeOptions: {debuggerAddress: localhost:57643}, javascriptEnabled: true, networkConnectionEnabled: false, pageLoadStrategy: normal, platform: XP, platformName: XP, proxy: Proxy(), setWindowRect: true, strictFileInteractability: false, timeouts: {implicit: 0, pageLoad: 300000, script: 30000}, unhandledPromptBehavior: dismiss and notify}
Session ID: 88948dd13fc3192921439e5462b9d0f3
*** Element info: {Using=xpath, value=//h5[contains(text(),&apos;Finalization completed&apos;)]}
	at org.openqa.selenium.remote.http.W3CHttpResponseCodec.createException(W3CHttpResponseCodec.java:187)
	at org.openqa.selenium.remote.http.W3CHttpResponseCodec.decode(W3CHttpResponseCodec.java:122)
	at org.openqa.selenium.remote.http.W3CHttpResponseCodec.decode(W3CHttpResponseCodec.java:49)
	at org.openqa.selenium.remote.HttpCommandExecutor.execute(HttpCommandExecutor.java:158)
	at org.openqa.selenium.remote.service.DriverCommandExecutor.execute(DriverCommandExecutor.java:83)
	at org.openqa.selenium.remote.RemoteWebDriver.execute(RemoteWebDriver.java:552)
	at org.openqa.selenium.remote.RemoteWebDriver.findElement(RemoteWebDriver.java:323)
	at org.openqa.selenium.remote.RemoteWebDriver.findElementByXPath(RemoteWebDriver.java:428)
	at org.openqa.selenium.By$ByXPath.findElement(By.java:353)
	at org.openqa.selenium.remote.RemoteWebDriver.findElement(RemoteWebDriver.java:315)
	at org.openqa.selenium.support.events.EventFiringWebDriver.lambda$new$1(EventFiringWebDriver.java:105)
	at com.sun.proxy.$Proxy5.findElement(Unknown Source)
	at org.openqa.selenium.support.events.EventFiringWebDriver.findElement(EventFiringWebDriver.java:194)
	at org.openqa.selenium.support.pagefactory.DefaultElementLocator.findElement(DefaultElementLocator.java:69)
	at org.openqa.selenium.support.pagefactory.internal.LocatingElementHandler.invoke(LocatingElementHandler.java:38)
	at com.sun.proxy.$Proxy9.getText(Unknown Source)
	at com.ra.qa.pages.ShipmentRequestPage.verifyFinalizationCompleted558579(ShipmentRequestPage.java:162)
	at com.ra.qa.testcases.RA229ShipmentRequestPageTest.verifyFinalizationCompleted558579Test(RA229ShipmentRequestPageTest.java:133)
	at java.util.ArrayList.forEach(Unknown Source)
... Removed 34 stack frames</div></td></tr></table><p class="totop"><a href="#summary">back to summary</a></p>
<h3 id="m3">com.ra.qa.testcases.RA229ShipmentRequestPageTest#viewReport558579Test</h3><table class="result"><tr><th>Exception</th></tr><tr><td><div class="stacktrace">org.openqa.selenium.ElementNotInteractableException: element not interactable
  (Session info: chrome=77.0.3865.90)
Build info: version: &apos;3.141.59&apos;, revision: &apos;e82be7d358&apos;, time: &apos;2018-11-14T08:17:03&apos;
System info: host: &apos;DESKTOP-7QD4G53&apos;, ip: &apos;172.16.60.40&apos;, os.name: &apos;Windows 10&apos;, os.arch: &apos;amd64&apos;, os.version: &apos;10.0&apos;, java.version: &apos;1.8.0_221&apos;
Driver info: org.openqa.selenium.chrome.ChromeDriver
Capabilities {acceptInsecureCerts: false, browserName: chrome, browserVersion: 77.0.3865.90, chrome: {chromedriverVersion: 76.0.3809.68 (420c9498db8ce..., userDataDir: C:\Users\Sujan\AppData\Loca...}, goog:chromeOptions: {debuggerAddress: localhost:57643}, javascriptEnabled: true, networkConnectionEnabled: false, pageLoadStrategy: normal, platform: XP, platformName: XP, proxy: Proxy(), setWindowRect: true, strictFileInteractability: false, timeouts: {implicit: 0, pageLoad: 300000, script: 30000}, unhandledPromptBehavior: dismiss and notify}
Session ID: 88948dd13fc3192921439e5462b9d0f3
	at org.openqa.selenium.remote.http.W3CHttpResponseCodec.createException(W3CHttpResponseCodec.java:187)
	at org.openqa.selenium.remote.http.W3CHttpResponseCodec.decode(W3CHttpResponseCodec.java:122)
	at org.openqa.selenium.remote.http.W3CHttpResponseCodec.decode(W3CHttpResponseCodec.java:49)
	at org.openqa.selenium.remote.HttpCommandExecutor.execute(HttpCommandExecutor.java:158)
	at org.openqa.selenium.remote.service.DriverCommandExecutor.execute(DriverCommandExecutor.java:83)
	at org.openqa.selenium.remote.RemoteWebDriver.execute(RemoteWebDriver.java:552)
	at org.openqa.selenium.remote.RemoteWebElement.execute(RemoteWebElement.java:285)
	at org.openqa.selenium.remote.RemoteWebElement.click(RemoteWebElement.java:84)
	at org.openqa.selenium.support.events.EventFiringWebDriver$EventFiringWebElement.lambda$new$0(EventFiringWebDriver.java:404)
	at com.sun.proxy.$Proxy10.click(Unknown Source)
	at org.openqa.selenium.support.events.EventFiringWebDriver$EventFiringWebElement.click(EventFiringWebDriver.java:417)
	at org.openqa.selenium.support.pagefactory.internal.LocatingElementHandler.invoke(LocatingElementHandler.java:51)
	at com.sun.proxy.$Proxy9.click(Unknown Source)
	at com.ra.qa.pages.ShipmentRequestPage.viewReport558579(ShipmentRequestPage.java:142)
	at com.ra.qa.testcases.RA229ShipmentRequestPageTest.viewReport558579Test(RA229ShipmentRequestPageTest.java:112)
	at java.util.ArrayList.forEach(Unknown Source)
... Removed 37 stack frames</div></td></tr></table><p class="totop"><a href="#summary">back to summary</a></p>
<h3 id="m4">com.ra.qa.testcases.RA229HomePageTest#clickOnUploadBtnTest</h3><table class="result"><tr><th class="invisible"/></tr></table><p class="totop"><a href="#summary">back to summary</a></p>
<h3 id="m5">com.ra.qa.testcases.RA229HomePageTest#confirmTest</h3><table class="result"><tr><th class="invisible"/></tr></table><p class="totop"><a href="#summary">back to summary</a></p>
<h3 id="m6">com.ra.qa.testcases.RA229HomePageTest#getPageTitleTest</h3><table class="result"><tr><th class="invisible"/></tr></table><p class="totop"><a href="#summary">back to summary</a></p>
<h3 id="m7">com.ra.qa.testcases.RA229HomePageTest#scheduleMailTest</h3><table class="result"><tr><th class="invisible"/></tr></table><p class="totop"><a href="#summary">back to summary</a></p>
<h3 id="m8">com.ra.qa.testcases.RA229HomePageTest#selectPCnLTRTest</h3><table class="result"><tr><th class="invisible"/></tr></table><p class="totop"><a href="#summary">back to summary</a></p>
<h3 id="m9">com.ra.qa.testcases.RA229HomePageTest#setup</h3><table class="result"><tr><th class="invisible"/></tr></table><p class="totop"><a href="#summary">back to summary</a></p>
<h3 id="m10">com.ra.qa.testcases.RA229HomePageTest#submitScheduleTest</h3><table class="result"><tr><th class="invisible"/></tr></table><p class="totop"><a href="#summary">back to summary</a></p>
<h3 id="m11">com.ra.qa.testcases.RA229HomePageTest#tearDown</h3><table class="result"><tr><th class="invisible"/></tr></table><p class="totop"><a href="#summary">back to summary</a></p>
<h3 id="m12">com.ra.qa.testcases.RA229HomePageTest#uploadDoneTest</h3><table class="result"><tr><th class="invisible"/></tr></table><p class="totop"><a href="#summary">back to summary</a></p>
<h3 id="m13">com.ra.qa.testcases.RA229HomePageTest#uploadFileTest</h3><table class="result"><tr><th class="invisible"/></tr></table><p class="totop"><a href="#summary">back to summary</a></p>
<h3 id="m14">com.ra.qa.testcases.RA229LoginPageTest#loginTest</h3><table class="result"><tr><th class="invisible"/></tr></table><p class="totop"><a href="#summary">back to summary</a></p>
<h3 id="m15">com.ra.qa.testcases.RA229LoginPageTest#navigateToMailQueueTest</h3><table class="result"><tr><th class="invisible"/></tr></table><p class="totop"><a href="#summary">back to summary</a></p>
<h3 id="m16">com.ra.qa.testcases.RA229LoginPageTest#setup</h3><table class="result"><tr><th class="invisible"/></tr></table><p class="totop"><a href="#summary">back to summary</a></p>
<h3 id="m17">com.ra.qa.testcases.RA229LoginPageTest#tearDown</h3><table class="result"><tr><th class="invisible"/></tr></table><p class="totop"><a href="#summary">back to summary</a></p>
<h3 id="m18">com.ra.qa.testcases.RA229LoginPageTest#validateLoginPageTitleTest</h3><table class="result"><tr><th class="invisible"/></tr></table><p class="totop"><a href="#summary">back to summary</a></p>
<h3 id="m19">com.ra.qa.testcases.RA229SchedulePageTest#getPageTitleTest</h3><table class="result"><tr><th class="invisible"/></tr></table><p class="totop"><a href="#summary">back to summary</a></p>
<h3 id="m20">com.ra.qa.testcases.RA229SchedulePageTest#navigateToScheduledTabTest</h3><table class="result"><tr><th class="invisible"/></tr></table><p class="totop"><a href="#summary">back to summary</a></p>
<h3 id="m21">com.ra.qa.testcases.RA229SchedulePageTest#setup</h3><table class="result"><tr><th class="invisible"/></tr></table><p class="totop"><a href="#summary">back to summary</a></p>
<h3 id="m22">com.ra.qa.testcases.RA229SchedulePageTest#tearDown</h3><table class="result"><tr><th class="invisible"/></tr></table><p class="totop"><a href="#summary">back to summary</a></p>
<h3 id="m23">com.ra.qa.testcases.RA229SchedulePageTest#verifyFilePresentPCnLTRFileScheduledTest</h3><table class="result"><tr><th class="invisible"/></tr></table><p class="totop"><a href="#summary">back to summary</a></p>
<h3 id="m24">com.ra.qa.testcases.RA229ShipmentRequestPageTest#acceptMkt558579Test</h3><table class="result"><tr><th class="invisible"/></tr></table><p class="totop"><a href="#summary">back to summary</a></p>
<h3 id="m25">com.ra.qa.testcases.RA229ShipmentRequestPageTest#clickBrowse558579Test</h3><table class="result"><tr><th class="invisible"/></tr></table><p class="totop"><a href="#summary">back to summary</a></p>
<h3 id="m26">com.ra.qa.testcases.RA229ShipmentRequestPageTest#clickOnInfoRAMailAccepted558579</h3><table class="result"><tr><th class="invisible"/></tr></table><p class="totop"><a href="#summary">back to summary</a></p>
<h3 id="m27">com.ra.qa.testcases.RA229ShipmentRequestPageTest#finalizeSubmission558579Test</h3><table class="result"><tr><th class="invisible"/></tr></table><p class="totop"><a href="#summary">back to summary</a></p>
<h3 id="m28">com.ra.qa.testcases.RA229ShipmentRequestPageTest#process558579Test</h3><table class="result"><tr><th class="invisible"/></tr></table><p class="totop"><a href="#summary">back to summary</a></p>
<h3 id="m29">com.ra.qa.testcases.RA229ShipmentRequestPageTest#sendJobReference558579Test</h3><table class="result"><tr><th class="invisible"/></tr></table><p class="totop"><a href="#summary">back to summary</a></p>
<h3 id="m30">com.ra.qa.testcases.RA229ShipmentRequestPageTest#setup</h3><table class="result"><tr><th class="invisible"/></tr></table><p class="totop"><a href="#summary">back to summary</a></p>
<h3 id="m31">com.ra.qa.testcases.RA229ShipmentRequestPageTest#submit558579Test</h3><table class="result"><tr><th class="invisible"/></tr></table><p class="totop"><a href="#summary">back to summary</a></p>
<h3 id="m32">com.ra.qa.testcases.RA229ShipmentRequestPageTest#submitFinal558579Test</h3><table class="result"><tr><th class="invisible"/></tr></table><p class="totop"><a href="#summary">back to summary</a></p>
<h3 id="m33">com.ra.qa.testcases.RA229ShipmentRequestPageTest#tearDown</h3><table class="result"><tr><th class="invisible"/></tr></table><p class="totop"><a href="#summary">back to summary</a></p>
<h3 id="m34">com.ra.qa.testcases.RA229ShipmentRequestPageTest#upload558579Test</h3><table class="result"><tr><th class="invisible"/></tr></table><p class="totop"><a href="#summary">back to summary</a></p>
</body>
</html>
