<!DOCTYPE html>

<html>
  <head>
  <meta charset='utf-8'>
  <title>TestNG reports</title>

    <link type="text/css" href="testng-reports.css" rel="stylesheet" />
    <script type="text/javascript" src="jquery-1.7.1.min.js"></script>
    <script type="text/javascript" src="testng-reports.js"></script>
    <script type="text/javascript" src="https://www.google.com/jsapi"></script>
    <script type='text/javascript'>
      google.load('visualization', '1', {packages:['table']});
      google.setOnLoadCallback(drawTable);
      var suiteTableInitFunctions = new Array();
      var suiteTableData = new Array();
    </script>
    <!--
      <script type="text/javascript" src="jquery-ui/js/jquery-ui-1.8.16.custom.min.js"></script>
     -->
  </head>

  <body>
    <div class="top-banner-root">
      <span class="top-banner-title-font">Test results</span>
      <br/>
      <span class="top-banner-font-1">1 suite, 4 failed tests</span>
    </div> <!-- top-banner-root -->
    <div class="navigator-root">
      <div class="navigator-suite-header">
        <span>All suites</span>
        <a href="#" class="collapse-all-link" title="Collapse/expand all the suites">
          <img class="collapse-all-icon" src="collapseall.gif">
          </img> <!-- collapse-all-icon -->
        </a> <!-- collapse-all-link -->
      </div> <!-- navigator-suite-header -->
      <div class="suite">
        <div class="rounded-window">
          <div class="suite-header light-rounded-window-top">
            <a href="#" class="navigator-link" panel-name="suite-Royal_Alliances_Test_Automation_Test_Suite">
              <span class="suite-name border-failed">Royal Alliances Test Automation Test Suite</span>
            </a> <!-- navigator-link -->
          </div> <!-- suite-header light-rounded-window-top -->
          <div class="navigator-suite-content">
            <div class="suite-section-title">
              <span>Info</span>
            </div> <!-- suite-section-title -->
            <div class="suite-section-content">
              <ul>
                <li>
                  <a href="#" class="navigator-link " panel-name="test-xml-Royal_Alliances_Test_Automation_Test_Suite">
                    <span>C:\Users\Sujan\eclipse-workspace2\RoyalAlliancesTest\src\main\resources\GPPtpFixedPayout_testng.xml</span>
                  </a> <!-- navigator-link  -->
                </li>
                <li>
                  <a href="#" class="navigator-link " panel-name="testlist-Royal_Alliances_Test_Automation_Test_Suite">
                    <span class="test-stats">1 test</span>
                  </a> <!-- navigator-link  -->
                </li>
                <li>
                  <a href="#" class="navigator-link " panel-name="group-Royal_Alliances_Test_Automation_Test_Suite">
                    <span>0 groups</span>
                  </a> <!-- navigator-link  -->
                </li>
                <li>
                  <a href="#" class="navigator-link " panel-name="times-Royal_Alliances_Test_Automation_Test_Suite">
                    <span>Times</span>
                  </a> <!-- navigator-link  -->
                </li>
                <li>
                  <a href="#" class="navigator-link " panel-name="reporter-Royal_Alliances_Test_Automation_Test_Suite">
                    <span>Reporter output</span>
                  </a> <!-- navigator-link  -->
                </li>
                <li>
                  <a href="#" class="navigator-link " panel-name="ignored-methods-Royal_Alliances_Test_Automation_Test_Suite">
                    <span>Ignored methods</span>
                  </a> <!-- navigator-link  -->
                </li>
                <li>
                  <a href="#" class="navigator-link " panel-name="chronological-Royal_Alliances_Test_Automation_Test_Suite">
                    <span>Chronological view</span>
                  </a> <!-- navigator-link  -->
                </li>
              </ul>
            </div> <!-- suite-section-content -->
            <div class="result-section">
              <div class="suite-section-title">
                <span>Results</span>
              </div> <!-- suite-section-title -->
              <div class="suite-section-content">
                <ul>
                  <li>
                    <span class="method-stats">35 methods, 4 failed,   31 passed</span>
                  </li>
                  <li>
                    <span class="method-list-title failed">Failed methods</span>
                    <span class="show-or-hide-methods failed">
                      <a href="#" panel-name="suite-Royal_Alliances_Test_Automation_Test_Suite" class="hide-methods failed suite-Royal_Alliances_Test_Automation_Test_Suite"> (hide)</a> <!-- hide-methods failed suite-Royal_Alliances_Test_Automation_Test_Suite -->
                      <a href="#" panel-name="suite-Royal_Alliances_Test_Automation_Test_Suite" class="show-methods failed suite-Royal_Alliances_Test_Automation_Test_Suite"> (show)</a> <!-- show-methods failed suite-Royal_Alliances_Test_Automation_Test_Suite -->
                    </span>
                    <div class="method-list-content failed suite-Royal_Alliances_Test_Automation_Test_Suite">
                      <span>
                        <img width="3%" src="failed.png"/>
                        <a href="#" class="method navigator-link" panel-name="suite-Royal_Alliances_Test_Automation_Test_Suite" title="com.ra.qa.testcases.RA229ShipmentRequestPageTest" hash-for-method="close558579Test">close558579Test</a> <!-- method navigator-link -->
                      </span>
                      <br/>
                      <span>
                        <img width="3%" src="failed.png"/>
                        <a href="#" class="method navigator-link" panel-name="suite-Royal_Alliances_Test_Automation_Test_Suite" title="com.ra.qa.testcases.RA229ShipmentRequestPageTest" hash-for-method="finalizeButton558579Test">finalizeButton558579Test</a> <!-- method navigator-link -->
                      </span>
                      <br/>
                      <span>
                        <img width="3%" src="failed.png"/>
                        <a href="#" class="method navigator-link" panel-name="suite-Royal_Alliances_Test_Automation_Test_Suite" title="com.ra.qa.testcases.RA229ShipmentRequestPageTest" hash-for-method="verifyFinalizationCompleted558579Test">verifyFinalizationCompleted558579Test</a> <!-- method navigator-link -->
                      </span>
                      <br/>
                      <span>
                        <img width="3%" src="failed.png"/>
                        <a href="#" class="method navigator-link" panel-name="suite-Royal_Alliances_Test_Automation_Test_Suite" title="com.ra.qa.testcases.RA229ShipmentRequestPageTest" hash-for-method="viewReport558579Test">viewReport558579Test</a> <!-- method navigator-link -->
                      </span>
                      <br/>
                    </div> <!-- method-list-content failed suite-Royal_Alliances_Test_Automation_Test_Suite -->
                  </li>
                  <li>
                    <span class="method-list-title passed">Passed methods</span>
                    <span class="show-or-hide-methods passed">
                      <a href="#" panel-name="suite-Royal_Alliances_Test_Automation_Test_Suite" class="hide-methods passed suite-Royal_Alliances_Test_Automation_Test_Suite"> (hide)</a> <!-- hide-methods passed suite-Royal_Alliances_Test_Automation_Test_Suite -->
                      <a href="#" panel-name="suite-Royal_Alliances_Test_Automation_Test_Suite" class="show-methods passed suite-Royal_Alliances_Test_Automation_Test_Suite"> (show)</a> <!-- show-methods passed suite-Royal_Alliances_Test_Automation_Test_Suite -->
                    </span>
                    <div class="method-list-content passed suite-Royal_Alliances_Test_Automation_Test_Suite">
                      <span>
                        <img width="3%" src="passed.png"/>
                        <a href="#" class="method navigator-link" panel-name="suite-Royal_Alliances_Test_Automation_Test_Suite" title="com.ra.qa.testcases.RA229ShipmentRequestPageTest" hash-for-method="acceptMkt558579Test">acceptMkt558579Test</a> <!-- method navigator-link -->
                      </span>
                      <br/>
                      <span>
                        <img width="3%" src="passed.png"/>
                        <a href="#" class="method navigator-link" panel-name="suite-Royal_Alliances_Test_Automation_Test_Suite" title="com.ra.qa.testcases.RA229ShipmentRequestPageTest" hash-for-method="clickBrowse558579Test">clickBrowse558579Test</a> <!-- method navigator-link -->
                      </span>
                      <br/>
                      <span>
                        <img width="3%" src="passed.png"/>
                        <a href="#" class="method navigator-link" panel-name="suite-Royal_Alliances_Test_Automation_Test_Suite" title="com.ra.qa.testcases.RA229ShipmentRequestPageTest" hash-for-method="clickOnInfoRAMailAccepted558579">clickOnInfoRAMailAccepted558579</a> <!-- method navigator-link -->
                      </span>
                      <br/>
                      <span>
                        <img width="3%" src="passed.png"/>
                        <a href="#" class="method navigator-link" panel-name="suite-Royal_Alliances_Test_Automation_Test_Suite" title="com.ra.qa.testcases.RA229HomePageTest" hash-for-method="clickOnUploadBtnTest">clickOnUploadBtnTest</a> <!-- method navigator-link -->
                      </span>
                      <br/>
                      <span>
                        <img width="3%" src="passed.png"/>
                        <a href="#" class="method navigator-link" panel-name="suite-Royal_Alliances_Test_Automation_Test_Suite" title="com.ra.qa.testcases.RA229HomePageTest" hash-for-method="confirmTest">confirmTest</a> <!-- method navigator-link -->
                      </span>
                      <br/>
                      <span>
                        <img width="3%" src="passed.png"/>
                        <a href="#" class="method navigator-link" panel-name="suite-Royal_Alliances_Test_Automation_Test_Suite" title="com.ra.qa.testcases.RA229ShipmentRequestPageTest" hash-for-method="finalizeSubmission558579Test">finalizeSubmission558579Test</a> <!-- method navigator-link -->
                      </span>
                      <br/>
                      <span>
                        <img width="3%" src="passed.png"/>
                        <a href="#" class="method navigator-link" panel-name="suite-Royal_Alliances_Test_Automation_Test_Suite" title="com.ra.qa.testcases.RA229SchedulePageTest" hash-for-method="getPageTitleTest">getPageTitleTest</a> <!-- method navigator-link -->
                      </span>
                      <br/>
                      <span>
                        <img width="3%" src="passed.png"/>
                        <a href="#" class="method navigator-link" panel-name="suite-Royal_Alliances_Test_Automation_Test_Suite" title="com.ra.qa.testcases.RA229HomePageTest" hash-for-method="getPageTitleTest">getPageTitleTest</a> <!-- method navigator-link -->
                      </span>
                      <br/>
                      <span>
                        <img width="3%" src="passed.png"/>
                        <a href="#" class="method navigator-link" panel-name="suite-Royal_Alliances_Test_Automation_Test_Suite" title="com.ra.qa.testcases.RA229LoginPageTest" hash-for-method="loginTest">loginTest</a> <!-- method navigator-link -->
                      </span>
                      <br/>
                      <span>
                        <img width="3%" src="passed.png"/>
                        <a href="#" class="method navigator-link" panel-name="suite-Royal_Alliances_Test_Automation_Test_Suite" title="com.ra.qa.testcases.RA229LoginPageTest" hash-for-method="navigateToMailQueueTest">navigateToMailQueueTest</a> <!-- method navigator-link -->
                      </span>
                      <br/>
                      <span>
                        <img width="3%" src="passed.png"/>
                        <a href="#" class="method navigator-link" panel-name="suite-Royal_Alliances_Test_Automation_Test_Suite" title="com.ra.qa.testcases.RA229SchedulePageTest" hash-for-method="navigateToScheduledTabTest">navigateToScheduledTabTest</a> <!-- method navigator-link -->
                      </span>
                      <br/>
                      <span>
                        <img width="3%" src="passed.png"/>
                        <a href="#" class="method navigator-link" panel-name="suite-Royal_Alliances_Test_Automation_Test_Suite" title="com.ra.qa.testcases.RA229ShipmentRequestPageTest" hash-for-method="process558579Test">process558579Test</a> <!-- method navigator-link -->
                      </span>
                      <br/>
                      <span>
                        <img width="3%" src="passed.png"/>
                        <a href="#" class="method navigator-link" panel-name="suite-Royal_Alliances_Test_Automation_Test_Suite" title="com.ra.qa.testcases.RA229HomePageTest" hash-for-method="scheduleMailTest">scheduleMailTest</a> <!-- method navigator-link -->
                      </span>
                      <br/>
                      <span>
                        <img width="3%" src="passed.png"/>
                        <a href="#" class="method navigator-link" panel-name="suite-Royal_Alliances_Test_Automation_Test_Suite" title="com.ra.qa.testcases.RA229HomePageTest" hash-for-method="selectPCnLTRTest">selectPCnLTRTest</a> <!-- method navigator-link -->
                      </span>
                      <br/>
                      <span>
                        <img width="3%" src="passed.png"/>
                        <a href="#" class="method navigator-link" panel-name="suite-Royal_Alliances_Test_Automation_Test_Suite" title="com.ra.qa.testcases.RA229ShipmentRequestPageTest" hash-for-method="sendJobReference558579Test">sendJobReference558579Test</a> <!-- method navigator-link -->
                      </span>
                      <br/>
                      <span>
                        <img width="3%" src="passed.png"/>
                        <a href="#" class="method navigator-link" panel-name="suite-Royal_Alliances_Test_Automation_Test_Suite" title="com.ra.qa.testcases.RA229ShipmentRequestPageTest" hash-for-method="setup">setup</a> <!-- method navigator-link -->
                      </span>
                      <br/>
                      <span>
                        <img width="3%" src="passed.png"/>
                        <a href="#" class="method navigator-link" panel-name="suite-Royal_Alliances_Test_Automation_Test_Suite" title="com.ra.qa.testcases.RA229HomePageTest" hash-for-method="setup">setup</a> <!-- method navigator-link -->
                      </span>
                      <br/>
                      <span>
                        <img width="3%" src="passed.png"/>
                        <a href="#" class="method navigator-link" panel-name="suite-Royal_Alliances_Test_Automation_Test_Suite" title="com.ra.qa.testcases.RA229SchedulePageTest" hash-for-method="setup">setup</a> <!-- method navigator-link -->
                      </span>
                      <br/>
                      <span>
                        <img width="3%" src="passed.png"/>
                        <a href="#" class="method navigator-link" panel-name="suite-Royal_Alliances_Test_Automation_Test_Suite" title="com.ra.qa.testcases.RA229LoginPageTest" hash-for-method="setup">setup</a> <!-- method navigator-link -->
                      </span>
                      <br/>
                      <span>
                        <img width="3%" src="passed.png"/>
                        <a href="#" class="method navigator-link" panel-name="suite-Royal_Alliances_Test_Automation_Test_Suite" title="com.ra.qa.testcases.RA229ShipmentRequestPageTest" hash-for-method="submit558579Test">submit558579Test</a> <!-- method navigator-link -->
                      </span>
                      <br/>
                      <span>
                        <img width="3%" src="passed.png"/>
                        <a href="#" class="method navigator-link" panel-name="suite-Royal_Alliances_Test_Automation_Test_Suite" title="com.ra.qa.testcases.RA229ShipmentRequestPageTest" hash-for-method="submitFinal558579Test">submitFinal558579Test</a> <!-- method navigator-link -->
                      </span>
                      <br/>
                      <span>
                        <img width="3%" src="passed.png"/>
                        <a href="#" class="method navigator-link" panel-name="suite-Royal_Alliances_Test_Automation_Test_Suite" title="com.ra.qa.testcases.RA229HomePageTest" hash-for-method="submitScheduleTest">submitScheduleTest</a> <!-- method navigator-link -->
                      </span>
                      <br/>
                      <span>
                        <img width="3%" src="passed.png"/>
                        <a href="#" class="method navigator-link" panel-name="suite-Royal_Alliances_Test_Automation_Test_Suite" title="com.ra.qa.testcases.RA229LoginPageTest" hash-for-method="tearDown">tearDown</a> <!-- method navigator-link -->
                      </span>
                      <br/>
                      <span>
                        <img width="3%" src="passed.png"/>
                        <a href="#" class="method navigator-link" panel-name="suite-Royal_Alliances_Test_Automation_Test_Suite" title="com.ra.qa.testcases.RA229ShipmentRequestPageTest" hash-for-method="tearDown">tearDown</a> <!-- method navigator-link -->
                      </span>
                      <br/>
                      <span>
                        <img width="3%" src="passed.png"/>
                        <a href="#" class="method navigator-link" panel-name="suite-Royal_Alliances_Test_Automation_Test_Suite" title="com.ra.qa.testcases.RA229HomePageTest" hash-for-method="tearDown">tearDown</a> <!-- method navigator-link -->
                      </span>
                      <br/>
                      <span>
                        <img width="3%" src="passed.png"/>
                        <a href="#" class="method navigator-link" panel-name="suite-Royal_Alliances_Test_Automation_Test_Suite" title="com.ra.qa.testcases.RA229SchedulePageTest" hash-for-method="tearDown">tearDown</a> <!-- method navigator-link -->
                      </span>
                      <br/>
                      <span>
                        <img width="3%" src="passed.png"/>
                        <a href="#" class="method navigator-link" panel-name="suite-Royal_Alliances_Test_Automation_Test_Suite" title="com.ra.qa.testcases.RA229ShipmentRequestPageTest" hash-for-method="upload558579Test">upload558579Test</a> <!-- method navigator-link -->
                      </span>
                      <br/>
                      <span>
                        <img width="3%" src="passed.png"/>
                        <a href="#" class="method navigator-link" panel-name="suite-Royal_Alliances_Test_Automation_Test_Suite" title="com.ra.qa.testcases.RA229HomePageTest" hash-for-method="uploadDoneTest">uploadDoneTest</a> <!-- method navigator-link -->
                      </span>
                      <br/>
                      <span>
                        <img width="3%" src="passed.png"/>
                        <a href="#" class="method navigator-link" panel-name="suite-Royal_Alliances_Test_Automation_Test_Suite" title="com.ra.qa.testcases.RA229HomePageTest" hash-for-method="uploadFileTest">uploadFileTest</a> <!-- method navigator-link -->
                      </span>
                      <br/>
                      <span>
                        <img width="3%" src="passed.png"/>
                        <a href="#" class="method navigator-link" panel-name="suite-Royal_Alliances_Test_Automation_Test_Suite" title="com.ra.qa.testcases.RA229LoginPageTest" hash-for-method="validateLoginPageTitleTest">validateLoginPageTitleTest</a> <!-- method navigator-link -->
                      </span>
                      <br/>
                      <span>
                        <img width="3%" src="passed.png"/>
                        <a href="#" class="method navigator-link" panel-name="suite-Royal_Alliances_Test_Automation_Test_Suite" title="com.ra.qa.testcases.RA229SchedulePageTest" hash-for-method="verifyFilePresentPCnLTRFileScheduledTest">verifyFilePresentPCnLTRFileScheduledTest</a> <!-- method navigator-link -->
                      </span>
                      <br/>
                    </div> <!-- method-list-content passed suite-Royal_Alliances_Test_Automation_Test_Suite -->
                  </li>
                </ul>
              </div> <!-- suite-section-content -->
            </div> <!-- result-section -->
          </div> <!-- navigator-suite-content -->
        </div> <!-- rounded-window -->
      </div> <!-- suite -->
    </div> <!-- navigator-root -->
    <div class="wrapper">
      <div class="main-panel-root">
        <div panel-name="suite-Royal_Alliances_Test_Automation_Test_Suite" class="panel Royal_Alliances_Test_Automation_Test_Suite">
          <div class="suite-Royal_Alliances_Test_Automation_Test_Suite-class-failed">
            <div class="main-panel-header rounded-window-top">
              <img src="failed.png"/>
              <span class="class-name">com.ra.qa.testcases.RA229ShipmentRequestPageTest</span>
            </div> <!-- main-panel-header rounded-window-top -->
            <div class="main-panel-content rounded-window-bottom">
              <div class="method">
                <div class="method-content">
                  <a name="close558579Test">
                  </a> <!-- close558579Test -->
                  <span class="method-name">close558579Test</span>
                  <div class="stack-trace">org.openqa.selenium.ElementNotInteractableException: element not interactable
  (Session info: chrome=77.0.3865.90)
Build info: version: &apos;3.141.59&apos;, revision: &apos;e82be7d358&apos;, time: &apos;2018-11-14T08:17:03&apos;
System info: host: &apos;DESKTOP-7QD4G53&apos;, ip: &apos;172.16.60.40&apos;, os.name: &apos;Windows 10&apos;, os.arch: &apos;amd64&apos;, os.version: &apos;10.0&apos;, java.version: &apos;1.8.0_221&apos;
Driver info: org.openqa.selenium.chrome.ChromeDriver
Capabilities {acceptInsecureCerts: false, browserName: chrome, browserVersion: 77.0.3865.90, chrome: {chromedriverVersion: 76.0.3809.68 (420c9498db8ce..., userDataDir: C:\Users\Sujan\AppData\Loca...}, goog:chromeOptions: {debuggerAddress: localhost:57643}, javascriptEnabled: true, networkConnectionEnabled: false, pageLoadStrategy: normal, platform: XP, platformName: XP, proxy: Proxy(), setWindowRect: true, strictFileInteractability: false, timeouts: {implicit: 0, pageLoad: 300000, script: 30000}, unhandledPromptBehavior: dismiss and notify}
Session ID: 88948dd13fc3192921439e5462b9d0f3
	at org.openqa.selenium.remote.http.W3CHttpResponseCodec.createException(W3CHttpResponseCodec.java:187)
	at org.openqa.selenium.remote.http.W3CHttpResponseCodec.decode(W3CHttpResponseCodec.java:122)
	at org.openqa.selenium.remote.http.W3CHttpResponseCodec.decode(W3CHttpResponseCodec.java:49)
	at org.openqa.selenium.remote.HttpCommandExecutor.execute(HttpCommandExecutor.java:158)
	at org.openqa.selenium.remote.service.DriverCommandExecutor.execute(DriverCommandExecutor.java:83)
	at org.openqa.selenium.remote.RemoteWebDriver.execute(RemoteWebDriver.java:552)
	at org.openqa.selenium.remote.RemoteWebElement.execute(RemoteWebElement.java:285)
	at org.openqa.selenium.remote.RemoteWebElement.click(RemoteWebElement.java:84)
	at org.openqa.selenium.support.events.EventFiringWebDriver$EventFiringWebElement.lambda$new$0(EventFiringWebDriver.java:404)
	at com.sun.proxy.$Proxy10.click(Unknown Source)
	at org.openqa.selenium.support.events.EventFiringWebDriver$EventFiringWebElement.click(EventFiringWebDriver.java:417)
	at org.openqa.selenium.support.pagefactory.internal.LocatingElementHandler.invoke(LocatingElementHandler.java:51)
	at com.sun.proxy.$Proxy9.click(Unknown Source)
	at com.ra.qa.pages.ShipmentRequestPage.close558579(ShipmentRequestPage.java:155)
	at com.ra.qa.testcases.RA229ShipmentRequestPageTest.close558579Test(RA229ShipmentRequestPageTest.java:126)
	at java.util.ArrayList.forEach(Unknown Source)
... Removed 37 stack frames
</div> <!-- stack-trace -->
                </div> <!-- method-content -->
              </div> <!-- method -->
              <div class="method">
                <div class="method-content">
                  <a name="finalizeButton558579Test">
                  </a> <!-- finalizeButton558579Test -->
                  <span class="method-name">finalizeButton558579Test</span>
                  <div class="stack-trace">org.openqa.selenium.NoSuchElementException: no such element: Unable to locate element: {&quot;method&quot;:&quot;xpath&quot;,&quot;selector&quot;:&quot;//button[@id=&apos;finalizeSubmissionBtn&apos;]&quot;}
  (Session info: chrome=77.0.3865.90)
For documentation on this error, please visit: https://www.seleniumhq.org/exceptions/no_such_element.html
Build info: version: &apos;3.141.59&apos;, revision: &apos;e82be7d358&apos;, time: &apos;2018-11-14T08:17:03&apos;
System info: host: &apos;DESKTOP-7QD4G53&apos;, ip: &apos;172.16.60.40&apos;, os.name: &apos;Windows 10&apos;, os.arch: &apos;amd64&apos;, os.version: &apos;10.0&apos;, java.version: &apos;1.8.0_221&apos;
Driver info: org.openqa.selenium.chrome.ChromeDriver
Capabilities {acceptInsecureCerts: false, browserName: chrome, browserVersion: 77.0.3865.90, chrome: {chromedriverVersion: 76.0.3809.68 (420c9498db8ce..., userDataDir: C:\Users\Sujan\AppData\Loca...}, goog:chromeOptions: {debuggerAddress: localhost:57643}, javascriptEnabled: true, networkConnectionEnabled: false, pageLoadStrategy: normal, platform: XP, platformName: XP, proxy: Proxy(), setWindowRect: true, strictFileInteractability: false, timeouts: {implicit: 0, pageLoad: 300000, script: 30000}, unhandledPromptBehavior: dismiss and notify}
Session ID: 88948dd13fc3192921439e5462b9d0f3
*** Element info: {Using=xpath, value=//button[@id=&apos;finalizeSubmissionBtn&apos;]}
	at org.openqa.selenium.remote.http.W3CHttpResponseCodec.createException(W3CHttpResponseCodec.java:187)
	at org.openqa.selenium.remote.http.W3CHttpResponseCodec.decode(W3CHttpResponseCodec.java:122)
	at org.openqa.selenium.remote.http.W3CHttpResponseCodec.decode(W3CHttpResponseCodec.java:49)
	at org.openqa.selenium.remote.HttpCommandExecutor.execute(HttpCommandExecutor.java:158)
	at org.openqa.selenium.remote.service.DriverCommandExecutor.execute(DriverCommandExecutor.java:83)
	at org.openqa.selenium.remote.RemoteWebDriver.execute(RemoteWebDriver.java:552)
	at org.openqa.selenium.remote.RemoteWebDriver.findElement(RemoteWebDriver.java:323)
	at org.openqa.selenium.remote.RemoteWebDriver.findElementByXPath(RemoteWebDriver.java:428)
	at org.openqa.selenium.By$ByXPath.findElement(By.java:353)
	at org.openqa.selenium.remote.RemoteWebDriver.findElement(RemoteWebDriver.java:315)
	at org.openqa.selenium.support.events.EventFiringWebDriver.lambda$new$1(EventFiringWebDriver.java:105)
	at com.sun.proxy.$Proxy5.findElement(Unknown Source)
	at org.openqa.selenium.support.events.EventFiringWebDriver.findElement(EventFiringWebDriver.java:194)
	at org.openqa.selenium.support.pagefactory.DefaultElementLocator.findElement(DefaultElementLocator.java:69)
	at org.openqa.selenium.support.pagefactory.internal.LocatingElementHandler.invoke(LocatingElementHandler.java:38)
	at com.sun.proxy.$Proxy9.click(Unknown Source)
	at com.ra.qa.pages.ShipmentRequestPage.finalizeButton558579(ShipmentRequestPage.java:136)
	at com.ra.qa.testcases.RA229ShipmentRequestPageTest.finalizeButton558579Test(RA229ShipmentRequestPageTest.java:105)
	at java.util.ArrayList.forEach(Unknown Source)
... Removed 34 stack frames
</div> <!-- stack-trace -->
                </div> <!-- method-content -->
              </div> <!-- method -->
              <div class="method">
                <div class="method-content">
                  <a name="verifyFinalizationCompleted558579Test">
                  </a> <!-- verifyFinalizationCompleted558579Test -->
                  <span class="method-name">verifyFinalizationCompleted558579Test</span>
                  <div class="stack-trace">org.openqa.selenium.NoSuchElementException: no such element: Unable to locate element: {&quot;method&quot;:&quot;xpath&quot;,&quot;selector&quot;:&quot;//h5[contains(text(),&apos;Finalization completed&apos;)]&quot;}
  (Session info: chrome=77.0.3865.90)
For documentation on this error, please visit: https://www.seleniumhq.org/exceptions/no_such_element.html
Build info: version: &apos;3.141.59&apos;, revision: &apos;e82be7d358&apos;, time: &apos;2018-11-14T08:17:03&apos;
System info: host: &apos;DESKTOP-7QD4G53&apos;, ip: &apos;172.16.60.40&apos;, os.name: &apos;Windows 10&apos;, os.arch: &apos;amd64&apos;, os.version: &apos;10.0&apos;, java.version: &apos;1.8.0_221&apos;
Driver info: org.openqa.selenium.chrome.ChromeDriver
Capabilities {acceptInsecureCerts: false, browserName: chrome, browserVersion: 77.0.3865.90, chrome: {chromedriverVersion: 76.0.3809.68 (420c9498db8ce..., userDataDir: C:\Users\Sujan\AppData\Loca...}, goog:chromeOptions: {debuggerAddress: localhost:57643}, javascriptEnabled: true, networkConnectionEnabled: false, pageLoadStrategy: normal, platform: XP, platformName: XP, proxy: Proxy(), setWindowRect: true, strictFileInteractability: false, timeouts: {implicit: 0, pageLoad: 300000, script: 30000}, unhandledPromptBehavior: dismiss and notify}
Session ID: 88948dd13fc3192921439e5462b9d0f3
*** Element info: {Using=xpath, value=//h5[contains(text(),&apos;Finalization completed&apos;)]}
	at org.openqa.selenium.remote.http.W3CHttpResponseCodec.createException(W3CHttpResponseCodec.java:187)
	at org.openqa.selenium.remote.http.W3CHttpResponseCodec.decode(W3CHttpResponseCodec.java:122)
	at org.openqa.selenium.remote.http.W3CHttpResponseCodec.decode(W3CHttpResponseCodec.java:49)
	at org.openqa.selenium.remote.HttpCommandExecutor.execute(HttpCommandExecutor.java:158)
	at org.openqa.selenium.remote.service.DriverCommandExecutor.execute(DriverCommandExecutor.java:83)
	at org.openqa.selenium.remote.RemoteWebDriver.execute(RemoteWebDriver.java:552)
	at org.openqa.selenium.remote.RemoteWebDriver.findElement(RemoteWebDriver.java:323)
	at org.openqa.selenium.remote.RemoteWebDriver.findElementByXPath(RemoteWebDriver.java:428)
	at org.openqa.selenium.By$ByXPath.findElement(By.java:353)
	at org.openqa.selenium.remote.RemoteWebDriver.findElement(RemoteWebDriver.java:315)
	at org.openqa.selenium.support.events.EventFiringWebDriver.lambda$new$1(EventFiringWebDriver.java:105)
	at com.sun.proxy.$Proxy5.findElement(Unknown Source)
	at org.openqa.selenium.support.events.EventFiringWebDriver.findElement(EventFiringWebDriver.java:194)
	at org.openqa.selenium.support.pagefactory.DefaultElementLocator.findElement(DefaultElementLocator.java:69)
	at org.openqa.selenium.support.pagefactory.internal.LocatingElementHandler.invoke(LocatingElementHandler.java:38)
	at com.sun.proxy.$Proxy9.getText(Unknown Source)
	at com.ra.qa.pages.ShipmentRequestPage.verifyFinalizationCompleted558579(ShipmentRequestPage.java:162)
	at com.ra.qa.testcases.RA229ShipmentRequestPageTest.verifyFinalizationCompleted558579Test(RA229ShipmentRequestPageTest.java:133)
	at java.util.ArrayList.forEach(Unknown Source)
... Removed 34 stack frames
</div> <!-- stack-trace -->
                </div> <!-- method-content -->
              </div> <!-- method -->
              <div class="method">
                <div class="method-content">
                  <a name="viewReport558579Test">
                  </a> <!-- viewReport558579Test -->
                  <span class="method-name">viewReport558579Test</span>
                  <div class="stack-trace">org.openqa.selenium.ElementNotInteractableException: element not interactable
  (Session info: chrome=77.0.3865.90)
Build info: version: &apos;3.141.59&apos;, revision: &apos;e82be7d358&apos;, time: &apos;2018-11-14T08:17:03&apos;
System info: host: &apos;DESKTOP-7QD4G53&apos;, ip: &apos;172.16.60.40&apos;, os.name: &apos;Windows 10&apos;, os.arch: &apos;amd64&apos;, os.version: &apos;10.0&apos;, java.version: &apos;1.8.0_221&apos;
Driver info: org.openqa.selenium.chrome.ChromeDriver
Capabilities {acceptInsecureCerts: false, browserName: chrome, browserVersion: 77.0.3865.90, chrome: {chromedriverVersion: 76.0.3809.68 (420c9498db8ce..., userDataDir: C:\Users\Sujan\AppData\Loca...}, goog:chromeOptions: {debuggerAddress: localhost:57643}, javascriptEnabled: true, networkConnectionEnabled: false, pageLoadStrategy: normal, platform: XP, platformName: XP, proxy: Proxy(), setWindowRect: true, strictFileInteractability: false, timeouts: {implicit: 0, pageLoad: 300000, script: 30000}, unhandledPromptBehavior: dismiss and notify}
Session ID: 88948dd13fc3192921439e5462b9d0f3
	at org.openqa.selenium.remote.http.W3CHttpResponseCodec.createException(W3CHttpResponseCodec.java:187)
	at org.openqa.selenium.remote.http.W3CHttpResponseCodec.decode(W3CHttpResponseCodec.java:122)
	at org.openqa.selenium.remote.http.W3CHttpResponseCodec.decode(W3CHttpResponseCodec.java:49)
	at org.openqa.selenium.remote.HttpCommandExecutor.execute(HttpCommandExecutor.java:158)
	at org.openqa.selenium.remote.service.DriverCommandExecutor.execute(DriverCommandExecutor.java:83)
	at org.openqa.selenium.remote.RemoteWebDriver.execute(RemoteWebDriver.java:552)
	at org.openqa.selenium.remote.RemoteWebElement.execute(RemoteWebElement.java:285)
	at org.openqa.selenium.remote.RemoteWebElement.click(RemoteWebElement.java:84)
	at org.openqa.selenium.support.events.EventFiringWebDriver$EventFiringWebElement.lambda$new$0(EventFiringWebDriver.java:404)
	at com.sun.proxy.$Proxy10.click(Unknown Source)
	at org.openqa.selenium.support.events.EventFiringWebDriver$EventFiringWebElement.click(EventFiringWebDriver.java:417)
	at org.openqa.selenium.support.pagefactory.internal.LocatingElementHandler.invoke(LocatingElementHandler.java:51)
	at com.sun.proxy.$Proxy9.click(Unknown Source)
	at com.ra.qa.pages.ShipmentRequestPage.viewReport558579(ShipmentRequestPage.java:142)
	at com.ra.qa.testcases.RA229ShipmentRequestPageTest.viewReport558579Test(RA229ShipmentRequestPageTest.java:112)
	at java.util.ArrayList.forEach(Unknown Source)
... Removed 37 stack frames
</div> <!-- stack-trace -->
                </div> <!-- method-content -->
              </div> <!-- method -->
            </div> <!-- main-panel-content rounded-window-bottom -->
          </div> <!-- suite-Royal_Alliances_Test_Automation_Test_Suite-class-failed -->
          <div class="suite-Royal_Alliances_Test_Automation_Test_Suite-class-passed">
            <div class="main-panel-header rounded-window-top">
              <img src="passed.png"/>
              <span class="class-name">com.ra.qa.testcases.RA229SchedulePageTest</span>
            </div> <!-- main-panel-header rounded-window-top -->
            <div class="main-panel-content rounded-window-bottom">
              <div class="method">
                <div class="method-content">
                  <a name="getPageTitleTest">
                  </a> <!-- getPageTitleTest -->
                  <span class="method-name">getPageTitleTest</span>
                </div> <!-- method-content -->
              </div> <!-- method -->
              <div class="method">
                <div class="method-content">
                  <a name="navigateToScheduledTabTest">
                  </a> <!-- navigateToScheduledTabTest -->
                  <span class="method-name">navigateToScheduledTabTest</span>
                </div> <!-- method-content -->
              </div> <!-- method -->
              <div class="method">
                <div class="method-content">
                  <a name="setup">
                  </a> <!-- setup -->
                  <span class="method-name">setup</span>
                </div> <!-- method-content -->
              </div> <!-- method -->
              <div class="method">
                <div class="method-content">
                  <a name="tearDown">
                  </a> <!-- tearDown -->
                  <span class="method-name">tearDown</span>
                </div> <!-- method-content -->
              </div> <!-- method -->
              <div class="method">
                <div class="method-content">
                  <a name="verifyFilePresentPCnLTRFileScheduledTest">
                  </a> <!-- verifyFilePresentPCnLTRFileScheduledTest -->
                  <span class="method-name">verifyFilePresentPCnLTRFileScheduledTest</span>
                </div> <!-- method-content -->
              </div> <!-- method -->
            </div> <!-- main-panel-content rounded-window-bottom -->
          </div> <!-- suite-Royal_Alliances_Test_Automation_Test_Suite-class-passed -->
          <div class="suite-Royal_Alliances_Test_Automation_Test_Suite-class-passed">
            <div class="main-panel-header rounded-window-top">
              <img src="passed.png"/>
              <span class="class-name">com.ra.qa.testcases.RA229LoginPageTest</span>
            </div> <!-- main-panel-header rounded-window-top -->
            <div class="main-panel-content rounded-window-bottom">
              <div class="method">
                <div class="method-content">
                  <a name="loginTest">
                  </a> <!-- loginTest -->
                  <span class="method-name">loginTest</span>
                </div> <!-- method-content -->
              </div> <!-- method -->
              <div class="method">
                <div class="method-content">
                  <a name="navigateToMailQueueTest">
                  </a> <!-- navigateToMailQueueTest -->
                  <span class="method-name">navigateToMailQueueTest</span>
                </div> <!-- method-content -->
              </div> <!-- method -->
              <div class="method">
                <div class="method-content">
                  <a name="setup">
                  </a> <!-- setup -->
                  <span class="method-name">setup</span>
                </div> <!-- method-content -->
              </div> <!-- method -->
              <div class="method">
                <div class="method-content">
                  <a name="tearDown">
                  </a> <!-- tearDown -->
                  <span class="method-name">tearDown</span>
                </div> <!-- method-content -->
              </div> <!-- method -->
              <div class="method">
                <div class="method-content">
                  <a name="validateLoginPageTitleTest">
                  </a> <!-- validateLoginPageTitleTest -->
                  <span class="method-name">validateLoginPageTitleTest</span>
                </div> <!-- method-content -->
              </div> <!-- method -->
            </div> <!-- main-panel-content rounded-window-bottom -->
          </div> <!-- suite-Royal_Alliances_Test_Automation_Test_Suite-class-passed -->
          <div class="suite-Royal_Alliances_Test_Automation_Test_Suite-class-passed">
            <div class="main-panel-header rounded-window-top">
              <img src="passed.png"/>
              <span class="class-name">com.ra.qa.testcases.RA229HomePageTest</span>
            </div> <!-- main-panel-header rounded-window-top -->
            <div class="main-panel-content rounded-window-bottom">
              <div class="method">
                <div class="method-content">
                  <a name="clickOnUploadBtnTest">
                  </a> <!-- clickOnUploadBtnTest -->
                  <span class="method-name">clickOnUploadBtnTest</span>
                </div> <!-- method-content -->
              </div> <!-- method -->
              <div class="method">
                <div class="method-content">
                  <a name="confirmTest">
                  </a> <!-- confirmTest -->
                  <span class="method-name">confirmTest</span>
                </div> <!-- method-content -->
              </div> <!-- method -->
              <div class="method">
                <div class="method-content">
                  <a name="getPageTitleTest">
                  </a> <!-- getPageTitleTest -->
                  <span class="method-name">getPageTitleTest</span>
                </div> <!-- method-content -->
              </div> <!-- method -->
              <div class="method">
                <div class="method-content">
                  <a name="scheduleMailTest">
                  </a> <!-- scheduleMailTest -->
                  <span class="method-name">scheduleMailTest</span>
                </div> <!-- method-content -->
              </div> <!-- method -->
              <div class="method">
                <div class="method-content">
                  <a name="selectPCnLTRTest">
                  </a> <!-- selectPCnLTRTest -->
                  <span class="method-name">selectPCnLTRTest</span>
                </div> <!-- method-content -->
              </div> <!-- method -->
              <div class="method">
                <div class="method-content">
                  <a name="setup">
                  </a> <!-- setup -->
                  <span class="method-name">setup</span>
                </div> <!-- method-content -->
              </div> <!-- method -->
              <div class="method">
                <div class="method-content">
                  <a name="submitScheduleTest">
                  </a> <!-- submitScheduleTest -->
                  <span class="method-name">submitScheduleTest</span>
                </div> <!-- method-content -->
              </div> <!-- method -->
              <div class="method">
                <div class="method-content">
                  <a name="tearDown">
                  </a> <!-- tearDown -->
                  <span class="method-name">tearDown</span>
                </div> <!-- method-content -->
              </div> <!-- method -->
              <div class="method">
                <div class="method-content">
                  <a name="uploadDoneTest">
                  </a> <!-- uploadDoneTest -->
                  <span class="method-name">uploadDoneTest</span>
                </div> <!-- method-content -->
              </div> <!-- method -->
              <div class="method">
                <div class="method-content">
                  <a name="uploadFileTest">
                  </a> <!-- uploadFileTest -->
                  <span class="method-name">uploadFileTest</span>
                </div> <!-- method-content -->
              </div> <!-- method -->
            </div> <!-- main-panel-content rounded-window-bottom -->
          </div> <!-- suite-Royal_Alliances_Test_Automation_Test_Suite-class-passed -->
          <div class="suite-Royal_Alliances_Test_Automation_Test_Suite-class-passed">
            <div class="main-panel-header rounded-window-top">
              <img src="passed.png"/>
              <span class="class-name">com.ra.qa.testcases.RA229ShipmentRequestPageTest</span>
            </div> <!-- main-panel-header rounded-window-top -->
            <div class="main-panel-content rounded-window-bottom">
              <div class="method">
                <div class="method-content">
                  <a name="acceptMkt558579Test">
                  </a> <!-- acceptMkt558579Test -->
                  <span class="method-name">acceptMkt558579Test</span>
                </div> <!-- method-content -->
              </div> <!-- method -->
              <div class="method">
                <div class="method-content">
                  <a name="clickBrowse558579Test">
                  </a> <!-- clickBrowse558579Test -->
                  <span class="method-name">clickBrowse558579Test</span>
                </div> <!-- method-content -->
              </div> <!-- method -->
              <div class="method">
                <div class="method-content">
                  <a name="clickOnInfoRAMailAccepted558579">
                  </a> <!-- clickOnInfoRAMailAccepted558579 -->
                  <span class="method-name">clickOnInfoRAMailAccepted558579</span>
                </div> <!-- method-content -->
              </div> <!-- method -->
              <div class="method">
                <div class="method-content">
                  <a name="finalizeSubmission558579Test">
                  </a> <!-- finalizeSubmission558579Test -->
                  <span class="method-name">finalizeSubmission558579Test</span>
                </div> <!-- method-content -->
              </div> <!-- method -->
              <div class="method">
                <div class="method-content">
                  <a name="process558579Test">
                  </a> <!-- process558579Test -->
                  <span class="method-name">process558579Test</span>
                </div> <!-- method-content -->
              </div> <!-- method -->
              <div class="method">
                <div class="method-content">
                  <a name="sendJobReference558579Test">
                  </a> <!-- sendJobReference558579Test -->
                  <span class="method-name">sendJobReference558579Test</span>
                </div> <!-- method-content -->
              </div> <!-- method -->
              <div class="method">
                <div class="method-content">
                  <a name="setup">
                  </a> <!-- setup -->
                  <span class="method-name">setup</span>
                </div> <!-- method-content -->
              </div> <!-- method -->
              <div class="method">
                <div class="method-content">
                  <a name="submit558579Test">
                  </a> <!-- submit558579Test -->
                  <span class="method-name">submit558579Test</span>
                </div> <!-- method-content -->
              </div> <!-- method -->
              <div class="method">
                <div class="method-content">
                  <a name="submitFinal558579Test">
                  </a> <!-- submitFinal558579Test -->
                  <span class="method-name">submitFinal558579Test</span>
                </div> <!-- method-content -->
              </div> <!-- method -->
              <div class="method">
                <div class="method-content">
                  <a name="tearDown">
                  </a> <!-- tearDown -->
                  <span class="method-name">tearDown</span>
                </div> <!-- method-content -->
              </div> <!-- method -->
              <div class="method">
                <div class="method-content">
                  <a name="upload558579Test">
                  </a> <!-- upload558579Test -->
                  <span class="method-name">upload558579Test</span>
                </div> <!-- method-content -->
              </div> <!-- method -->
            </div> <!-- main-panel-content rounded-window-bottom -->
          </div> <!-- suite-Royal_Alliances_Test_Automation_Test_Suite-class-passed -->
        </div> <!-- panel Royal_Alliances_Test_Automation_Test_Suite -->
        <div panel-name="test-xml-Royal_Alliances_Test_Automation_Test_Suite" class="panel">
          <div class="main-panel-header rounded-window-top">
            <span class="header-content">C:\Users\Sujan\eclipse-workspace2\RoyalAlliancesTest\src\main\resources\GPPtpFixedPayout_testng.xml</span>
          </div> <!-- main-panel-header rounded-window-top -->
          <div class="main-panel-content rounded-window-bottom">
            <pre>
&lt;?xml version=&quot;1.0&quot; encoding=&quot;UTF-8&quot;?&gt;
&lt;!DOCTYPE suite SYSTEM &quot;https://testng.org/testng-1.0.dtd&quot;&gt;
&lt;suite guice-stage=&quot;DEVELOPMENT&quot; name=&quot;Royal Alliances Test Automation Test Suite&quot;&gt;
  &lt;listeners&gt;
    &lt;listener class-name=&quot;com.ra.ExtentReportListener.ExtentReporterNG&quot;/&gt;
  &lt;/listeners&gt;
  &lt;test thread-count=&quot;5&quot; name=&quot;Royal Alliances Test Cases&quot;&gt;
    &lt;classes&gt;
      &lt;class name=&quot;com.ra.qa.testcases.RA229LoginPageTest&quot;/&gt;
      &lt;class name=&quot;com.ra.qa.testcases.RA229HomePageTest&quot;/&gt;
      &lt;class name=&quot;com.ra.qa.testcases.RA229SchedulePageTest&quot;/&gt;
      &lt;class name=&quot;com.ra.qa.testcases.RA229ShipmentRequestPageTest&quot;/&gt;
    &lt;/classes&gt;
  &lt;/test&gt; &lt;!-- Royal Alliances Test Cases --&gt;
&lt;/suite&gt; &lt;!-- Royal Alliances Test Automation Test Suite --&gt;
            </pre>
          </div> <!-- main-panel-content rounded-window-bottom -->
        </div> <!-- panel -->
        <div panel-name="testlist-Royal_Alliances_Test_Automation_Test_Suite" class="panel">
          <div class="main-panel-header rounded-window-top">
            <span class="header-content">Tests for Royal Alliances Test Automation Test Suite</span>
          </div> <!-- main-panel-header rounded-window-top -->
          <div class="main-panel-content rounded-window-bottom">
            <ul>
              <li>
                <span class="test-name">Royal Alliances Test Cases (4 classes)</span>
              </li>
            </ul>
          </div> <!-- main-panel-content rounded-window-bottom -->
        </div> <!-- panel -->
        <div panel-name="group-Royal_Alliances_Test_Automation_Test_Suite" class="panel">
          <div class="main-panel-header rounded-window-top">
            <span class="header-content">Groups for Royal Alliances Test Automation Test Suite</span>
          </div> <!-- main-panel-header rounded-window-top -->
          <div class="main-panel-content rounded-window-bottom">
          </div> <!-- main-panel-content rounded-window-bottom -->
        </div> <!-- panel -->
        <div panel-name="times-Royal_Alliances_Test_Automation_Test_Suite" class="panel">
          <div class="main-panel-header rounded-window-top">
            <span class="header-content">Times for Royal Alliances Test Automation Test Suite</span>
          </div> <!-- main-panel-header rounded-window-top -->
          <div class="main-panel-content rounded-window-bottom">
            <div class="times-div">
              <script type="text/javascript">
suiteTableInitFunctions.push('tableData_Royal_Alliances_Test_Automation_Test_Suite');
function tableData_Royal_Alliances_Test_Automation_Test_Suite() {
var data = new google.visualization.DataTable();
data.addColumn('number', 'Number');
data.addColumn('string', 'Method');
data.addColumn('string', 'Class');
data.addColumn('number', 'Time (ms)');
data.addRows(35);
data.setCell(0, 0, 0)
data.setCell(0, 1, 'uploadDoneTest')
data.setCell(0, 2, 'com.ra.qa.testcases.RA229HomePageTest')
data.setCell(0, 3, 203218);
data.setCell(1, 0, 1)
data.setCell(1, 1, 'process558579Test')
data.setCell(1, 2, 'com.ra.qa.testcases.RA229ShipmentRequestPageTest')
data.setCell(1, 3, 200070);
data.setCell(2, 0, 2)
data.setCell(2, 1, 'submitScheduleTest')
data.setCell(2, 2, 'com.ra.qa.testcases.RA229HomePageTest')
data.setCell(2, 3, 123174);
data.setCell(3, 0, 3)
data.setCell(3, 1, 'upload558579Test')
data.setCell(3, 2, 'com.ra.qa.testcases.RA229ShipmentRequestPageTest')
data.setCell(3, 3, 107153);
data.setCell(4, 0, 4)
data.setCell(4, 1, 'setup')
data.setCell(4, 2, 'com.ra.qa.testcases.RA229ShipmentRequestPageTest')
data.setCell(4, 3, 30373);
data.setCell(5, 0, 5)
data.setCell(5, 1, 'setup')
data.setCell(5, 2, 'com.ra.qa.testcases.RA229SchedulePageTest')
data.setCell(5, 3, 26963);
data.setCell(6, 0, 6)
data.setCell(6, 1, 'submit558579Test')
data.setCell(6, 2, 'com.ra.qa.testcases.RA229ShipmentRequestPageTest')
data.setCell(6, 3, 24850);
data.setCell(7, 0, 7)
data.setCell(7, 1, 'setup')
data.setCell(7, 2, 'com.ra.qa.testcases.RA229HomePageTest')
data.setCell(7, 3, 23184);
data.setCell(8, 0, 8)
data.setCell(8, 1, 'viewReport558579Test')
data.setCell(8, 2, 'com.ra.qa.testcases.RA229ShipmentRequestPageTest')
data.setCell(8, 3, 20092);
data.setCell(9, 0, 9)
data.setCell(9, 1, 'finalizeButton558579Test')
data.setCell(9, 2, 'com.ra.qa.testcases.RA229ShipmentRequestPageTest')
data.setCell(9, 3, 20076);
data.setCell(10, 0, 10)
data.setCell(10, 1, 'verifyFinalizationCompleted558579Test')
data.setCell(10, 2, 'com.ra.qa.testcases.RA229ShipmentRequestPageTest')
data.setCell(10, 3, 20041);
data.setCell(11, 0, 11)
data.setCell(11, 1, 'close558579Test')
data.setCell(11, 2, 'com.ra.qa.testcases.RA229ShipmentRequestPageTest')
data.setCell(11, 3, 20035);
data.setCell(12, 0, 12)
data.setCell(12, 1, 'uploadFileTest')
data.setCell(12, 2, 'com.ra.qa.testcases.RA229HomePageTest')
data.setCell(12, 3, 15119);
data.setCell(13, 0, 13)
data.setCell(13, 1, 'setup')
data.setCell(13, 2, 'com.ra.qa.testcases.RA229LoginPageTest')
data.setCell(13, 3, 12753);
data.setCell(14, 0, 14)
data.setCell(14, 1, 'loginTest')
data.setCell(14, 2, 'com.ra.qa.testcases.RA229LoginPageTest')
data.setCell(14, 3, 11185);
data.setCell(15, 0, 15)
data.setCell(15, 1, 'selectPCnLTRTest')
data.setCell(15, 2, 'com.ra.qa.testcases.RA229HomePageTest')
data.setCell(15, 3, 5878);
data.setCell(16, 0, 16)
data.setCell(16, 1, 'scheduleMailTest')
data.setCell(16, 2, 'com.ra.qa.testcases.RA229HomePageTest')
data.setCell(16, 3, 5264);
data.setCell(17, 0, 17)
data.setCell(17, 1, 'clickOnInfoRAMailAccepted558579')
data.setCell(17, 2, 'com.ra.qa.testcases.RA229ShipmentRequestPageTest')
data.setCell(17, 3, 4250);
data.setCell(18, 0, 18)
data.setCell(18, 1, 'confirmTest')
data.setCell(18, 2, 'com.ra.qa.testcases.RA229HomePageTest')
data.setCell(18, 3, 4232);
data.setCell(19, 0, 19)
data.setCell(19, 1, 'navigateToMailQueueTest')
data.setCell(19, 2, 'com.ra.qa.testcases.RA229LoginPageTest')
data.setCell(19, 3, 3452);
data.setCell(20, 0, 20)
data.setCell(20, 1, 'navigateToScheduledTabTest')
data.setCell(20, 2, 'com.ra.qa.testcases.RA229SchedulePageTest')
data.setCell(20, 3, 3232);
data.setCell(21, 0, 21)
data.setCell(21, 1, 'finalizeSubmission558579Test')
data.setCell(21, 2, 'com.ra.qa.testcases.RA229ShipmentRequestPageTest')
data.setCell(21, 3, 3171);
data.setCell(22, 0, 22)
data.setCell(22, 1, 'clickOnUploadBtnTest')
data.setCell(22, 2, 'com.ra.qa.testcases.RA229HomePageTest')
data.setCell(22, 3, 2346);
data.setCell(23, 0, 23)
data.setCell(23, 1, 'acceptMkt558579Test')
data.setCell(23, 2, 'com.ra.qa.testcases.RA229ShipmentRequestPageTest')
data.setCell(23, 3, 2100);
data.setCell(24, 0, 24)
data.setCell(24, 1, 'sendJobReference558579Test')
data.setCell(24, 2, 'com.ra.qa.testcases.RA229ShipmentRequestPageTest')
data.setCell(24, 3, 2097);
data.setCell(25, 0, 25)
data.setCell(25, 1, 'submitFinal558579Test')
data.setCell(25, 2, 'com.ra.qa.testcases.RA229ShipmentRequestPageTest')
data.setCell(25, 3, 2093);
data.setCell(26, 0, 26)
data.setCell(26, 1, 'tearDown')
data.setCell(26, 2, 'com.ra.qa.testcases.RA229ShipmentRequestPageTest')
data.setCell(26, 3, 1132);
data.setCell(27, 0, 27)
data.setCell(27, 1, 'clickBrowse558579Test')
data.setCell(27, 2, 'com.ra.qa.testcases.RA229ShipmentRequestPageTest')
data.setCell(27, 3, 1060);
data.setCell(28, 0, 28)
data.setCell(28, 1, 'tearDown')
data.setCell(28, 2, 'com.ra.qa.testcases.RA229SchedulePageTest')
data.setCell(28, 3, 915);
data.setCell(29, 0, 29)
data.setCell(29, 1, 'tearDown')
data.setCell(29, 2, 'com.ra.qa.testcases.RA229HomePageTest')
data.setCell(29, 3, 788);
data.setCell(30, 0, 30)
data.setCell(30, 1, 'tearDown')
data.setCell(30, 2, 'com.ra.qa.testcases.RA229LoginPageTest')
data.setCell(30, 3, 672);
data.setCell(31, 0, 31)
data.setCell(31, 1, 'verifyFilePresentPCnLTRFileScheduledTest')
data.setCell(31, 2, 'com.ra.qa.testcases.RA229SchedulePageTest')
data.setCell(31, 3, 81);
data.setCell(32, 0, 32)
data.setCell(32, 1, 'validateLoginPageTitleTest')
data.setCell(32, 2, 'com.ra.qa.testcases.RA229LoginPageTest')
data.setCell(32, 3, 27);
data.setCell(33, 0, 33)
data.setCell(33, 1, 'getPageTitleTest')
data.setCell(33, 2, 'com.ra.qa.testcases.RA229SchedulePageTest')
data.setCell(33, 3, 14);
data.setCell(34, 0, 34)
data.setCell(34, 1, 'getPageTitleTest')
data.setCell(34, 2, 'com.ra.qa.testcases.RA229HomePageTest')
data.setCell(34, 3, 14);
window.suiteTableData['Royal_Alliances_Test_Automation_Test_Suite']= { tableData: data, tableDiv: 'times-div-Royal_Alliances_Test_Automation_Test_Suite'}
return data;
}
              </script>
              <span class="suite-total-time">Total running time: 15 minutes</span>
              <div id="times-div-Royal_Alliances_Test_Automation_Test_Suite">
              </div> <!-- times-div-Royal_Alliances_Test_Automation_Test_Suite -->
            </div> <!-- times-div -->
          </div> <!-- main-panel-content rounded-window-bottom -->
        </div> <!-- panel -->
        <div panel-name="reporter-Royal_Alliances_Test_Automation_Test_Suite" class="panel">
          <div class="main-panel-header rounded-window-top">
            <span class="header-content">Reporter output for Royal Alliances Test Automation Test Suite</span>
          </div> <!-- main-panel-header rounded-window-top -->
          <div class="main-panel-content rounded-window-bottom">
          </div> <!-- main-panel-content rounded-window-bottom -->
        </div> <!-- panel -->
        <div panel-name="ignored-methods-Royal_Alliances_Test_Automation_Test_Suite" class="panel">
          <div class="main-panel-header rounded-window-top">
            <span class="header-content">0 ignored methods</span>
          </div> <!-- main-panel-header rounded-window-top -->
          <div class="main-panel-content rounded-window-bottom">
          </div> <!-- main-panel-content rounded-window-bottom -->
        </div> <!-- panel -->
        <div panel-name="chronological-Royal_Alliances_Test_Automation_Test_Suite" class="panel">
          <div class="main-panel-header rounded-window-top">
            <span class="header-content">Methods in chronological order</span>
          </div> <!-- main-panel-header rounded-window-top -->
          <div class="main-panel-content rounded-window-bottom">
            <div class="chronological-class">
              <div class="chronological-class-name">com.ra.qa.testcases.RA229LoginPageTest</div> <!-- chronological-class-name -->
              <div class="test-method">
                <span class="method-name">setup</span>
                <span class="method-start">0 ms</span>
              </div> <!-- test-method -->
              <div class="test-method">
                <span class="method-name">validateLoginPageTitleTest</span>
                <span class="method-start">12759 ms</span>
              </div> <!-- test-method -->
              <div class="test-method">
                <span class="method-name">loginTest</span>
                <span class="method-start">12787 ms</span>
              </div> <!-- test-method -->
              <div class="test-method">
                <span class="method-name">navigateToMailQueueTest</span>
                <span class="method-start">23973 ms</span>
              </div> <!-- test-method -->
              <div class="test-method">
                <span class="method-name">tearDown</span>
                <span class="method-start">27427 ms</span>
              </div> <!-- test-method -->
            </div> <!-- chronological-class -->
            <div class="chronological-class">
              <div class="chronological-class-name">com.ra.qa.testcases.RA229HomePageTest</div> <!-- chronological-class-name -->
              <div class="test-method">
                <span class="method-name">setup</span>
                <span class="method-start">28101 ms</span>
              </div> <!-- test-method -->
              <div class="test-method">
                <span class="method-name">getPageTitleTest</span>
                <span class="method-start">51288 ms</span>
              </div> <!-- test-method -->
              <div class="test-method">
                <span class="method-name">clickOnUploadBtnTest</span>
                <span class="method-start">51304 ms</span>
              </div> <!-- test-method -->
              <div class="test-method">
                <span class="method-name">uploadFileTest</span>
                <span class="method-start">53652 ms</span>
              </div> <!-- test-method -->
              <div class="test-method">
                <span class="method-name">uploadDoneTest</span>
                <span class="method-start">68773 ms</span>
              </div> <!-- test-method -->
              <div class="test-method">
                <span class="method-name">selectPCnLTRTest</span>
                <span class="method-start">271994 ms</span>
              </div> <!-- test-method -->
              <div class="test-method">
                <span class="method-name">scheduleMailTest</span>
                <span class="method-start">277874 ms</span>
              </div> <!-- test-method -->
              <div class="test-method">
                <span class="method-name">confirmTest</span>
                <span class="method-start">283140 ms</span>
              </div> <!-- test-method -->
              <div class="test-method">
                <span class="method-name">submitScheduleTest</span>
                <span class="method-start">287373 ms</span>
              </div> <!-- test-method -->
              <div class="test-method">
                <span class="method-name">tearDown</span>
                <span class="method-start">410548 ms</span>
              </div> <!-- test-method -->
            </div> <!-- chronological-class -->
            <div class="chronological-class">
              <div class="chronological-class-name">com.ra.qa.testcases.RA229SchedulePageTest</div> <!-- chronological-class-name -->
              <div class="test-method">
                <span class="method-name">setup</span>
                <span class="method-start">411337 ms</span>
              </div> <!-- test-method -->
              <div class="test-method">
                <span class="method-name">getPageTitleTest</span>
                <span class="method-start">438301 ms</span>
              </div> <!-- test-method -->
              <div class="test-method">
                <span class="method-name">navigateToScheduledTabTest</span>
                <span class="method-start">438317 ms</span>
              </div> <!-- test-method -->
              <div class="test-method">
                <span class="method-name">verifyFilePresentPCnLTRFileScheduledTest</span>
                <span class="method-start">441550 ms</span>
              </div> <!-- test-method -->
              <div class="test-method">
                <span class="method-name">tearDown</span>
                <span class="method-start">441632 ms</span>
              </div> <!-- test-method -->
            </div> <!-- chronological-class -->
            <div class="chronological-class">
              <div class="chronological-class-name">com.ra.qa.testcases.RA229ShipmentRequestPageTest</div> <!-- chronological-class-name -->
              <div class="test-method">
                <span class="method-name">setup</span>
                <span class="method-start">442548 ms</span>
              </div> <!-- test-method -->
              <div class="test-method">
                <span class="method-name">acceptMkt558579Test</span>
                <span class="method-start">472922 ms</span>
              </div> <!-- test-method -->
              <div class="test-method">
                <span class="method-name">sendJobReference558579Test</span>
                <span class="method-start">475023 ms</span>
              </div> <!-- test-method -->
              <div class="test-method">
                <span class="method-name">submit558579Test</span>
                <span class="method-start">477121 ms</span>
              </div> <!-- test-method -->
              <div class="test-method">
                <span class="method-name">clickOnInfoRAMailAccepted558579</span>
                <span class="method-start">501972 ms</span>
              </div> <!-- test-method -->
              <div class="test-method">
                <span class="method-name">submitFinal558579Test</span>
                <span class="method-start">506223 ms</span>
              </div> <!-- test-method -->
              <div class="test-method">
                <span class="method-name">clickBrowse558579Test</span>
                <span class="method-start">508317 ms</span>
              </div> <!-- test-method -->
              <div class="test-method">
                <span class="method-name">upload558579Test</span>
                <span class="method-start">509378 ms</span>
              </div> <!-- test-method -->
              <div class="test-method">
                <span class="method-name">process558579Test</span>
                <span class="method-start">616531 ms</span>
              </div> <!-- test-method -->
              <div class="test-method">
                <img src="failed.png">
                </img>
                <span class="method-name">finalizeButton558579Test</span>
                <span class="method-start">816602 ms</span>
              </div> <!-- test-method -->
              <div class="test-method">
                <img src="failed.png">
                </img>
                <span class="method-name">viewReport558579Test</span>
                <span class="method-start">836683 ms</span>
              </div> <!-- test-method -->
              <div class="test-method">
                <span class="method-name">finalizeSubmission558579Test</span>
                <span class="method-start">856778 ms</span>
              </div> <!-- test-method -->
              <div class="test-method">
                <img src="failed.png">
                </img>
                <span class="method-name">close558579Test</span>
                <span class="method-start">859950 ms</span>
              </div> <!-- test-method -->
              <div class="test-method">
                <img src="failed.png">
                </img>
                <span class="method-name">verifyFinalizationCompleted558579Test</span>
                <span class="method-start">879986 ms</span>
              </div> <!-- test-method -->
              <div class="test-method">
                <span class="method-name">tearDown</span>
                <span class="method-start">900030 ms</span>
              </div> <!-- test-method -->
          </div> <!-- main-panel-content rounded-window-bottom -->
        </div> <!-- panel -->
      </div> <!-- main-panel-root -->
    </div> <!-- wrapper -->
  </body>
</html>
